TN:
SF:node_modules/@openzeppelin/contracts/utils/ReentrancyGuard.sol
DA:47,104
FN:47,ReentrancyGuard.constructor
FNDA:104,ReentrancyGuard.constructor
DA:48,104
DA:58,64
FN:58,ReentrancyGuard.nonReentrant
FNDA:64,ReentrancyGuard.nonReentrant
DA:59,64
DA:61,53
DA:64,110
FN:64,ReentrancyGuard._nonReentrantBefore
FNDA:110,ReentrancyGuard._nonReentrantBefore
DA:66,110
BRDA:66,0,0,-
DA:67,0
DA:71,110
DA:74,91
FN:74,ReentrancyGuard._nonReentrantAfter
FNDA:91,ReentrancyGuard._nonReentrantAfter
DA:77,91
DA:84,0
FN:84,ReentrancyGuard._reentrancyGuardEntered
FNDA:0,ReentrancyGuard._reentrancyGuardEntered
DA:85,0
FNF:5
FNH:4
LF:13
LH:10
BRF:1
BRH:0
end_of_record
TN:
SF:script/SupplyChainDeploy.s.sol
DA:16,0
FN:16,SupplyChainDeployScript.setUp
FNDA:0,SupplyChainDeployScript.setUp
DA:18,0
FN:18,SupplyChainDeployScript.run
FNDA:0,SupplyChainDeployScript.run
DA:19,0
DA:20,0
DA:22,0
DA:23,0
DA:24,0
DA:26,0
DA:29,0
DA:31,0
DA:32,0
DA:34,0
DA:37,0
DA:38,0
DA:39,0
DA:40,0
FNF:2
FNH:0
LF:16
LH:0
BRF:0
BRH:0
end_of_record
TN:
SF:script/SupplyChainInteractions.s.sol
DA:36,0
FN:36,SupplyChainInteractions.setUp
FNDA:0,SupplyChainInteractions.setUp
DA:38,0
DA:39,0
DA:42,0
FN:42,SupplyChainInteractions.run
FNDA:0,SupplyChainInteractions.run
DA:43,0
DA:44,0
DA:45,0
DA:48,0
DA:50,0
DA:51,0
DA:52,0
DA:54,0
DA:55,0
DA:56,0
DA:58,0
DA:59,0
DA:60,0
DA:62,0
DA:63,0
DA:64,0
DA:67,0
DA:68,0
DA:69,0
DA:70,0
DA:71,0
DA:74,0
DA:76,0
DA:77,0
DA:78,0
DA:81,0
DA:82,0
DA:83,0
DA:84,0
DA:86,0
DA:87,0
DA:88,0
DA:91,0
DA:98,0
DA:99,0
DA:100,0
DA:102,0
DA:103,0
DA:104,0
DA:107,0
DA:108,0
DA:109,0
DA:111,0
DA:112,0
DA:113,0
DA:116,0
DA:117,0
DA:118,0
DA:120,0
DA:121,0
DA:122,0
DA:125,0
DA:128,0
DA:129,0
DA:130,0
DA:132,0
DA:133,0
DA:134,0
DA:137,0
DA:138,0
DA:139,0
DA:141,0
DA:142,0
DA:143,0
DA:146,0
DA:149,0
DA:150,0
DA:153,0
DA:154,0
DA:155,0
DA:156,0
DA:157,0
DA:160,0
DA:161,0
DA:162,0
DA:163,0
DA:164,0
DA:169,0
DA:172,0
DA:173,0
DA:174,0
DA:175,0
DA:176,0
DA:177,0
DA:178,0
FNF:2
FNH:0
LF:89
LH:0
BRF:0
BRH:0
end_of_record
TN:
SF:src/SupplyChain.sol
DA:354,104
FN:354,SupplyChain.constructor
FNDA:104,SupplyChain.constructor
DA:355,104
DA:356,104
DA:367,83
FN:367,SupplyChain.onlyTokenCreators
FNDA:83,SupplyChain.onlyTokenCreators
DA:368,83
DA:377,69
FN:377,SupplyChain.onlyTransfersAllowed
FNDA:69,SupplyChain.onlyTransfersAllowed
DA:378,69
DA:387,5
FN:387,SupplyChain.onlyReceiverAllowed
FNDA:5,SupplyChain.onlyReceiverAllowed
DA:388,5
DA:395,0
FN:395,SupplyChain.onlyOwner
FNDA:0,SupplyChain.onlyOwner
DA:396,0
DA:404,4
FN:404,SupplyChain.onlyPauser
FNDA:4,SupplyChain.onlyPauser
DA:405,4
DA:413,69
FN:413,SupplyChain.whenNotPaused
FNDA:69,SupplyChain.whenNotPaused
DA:414,69
DA:422,4
FN:422,SupplyChain.whenPaused
FNDA:4,SupplyChain.whenPaused
DA:423,4
DA:429,164
FN:429,SupplyChain._onlyOwner
FNDA:164,SupplyChain._onlyOwner
DA:430,164
BRDA:430,0,0,6
DA:433,13
FN:433,SupplyChain._onlyPauser
FNDA:13,SupplyChain._onlyPauser
DA:434,13
BRDA:434,1,0,2
DA:437,83
FN:437,SupplyChain._onlyTokenCreators
FNDA:83,SupplyChain._onlyTokenCreators
DA:438,83
DA:439,83
BRDA:439,2,0,1
DA:441,82
DA:442,82
BRDA:442,3,0,3
DA:445,47
FN:445,SupplyChain._onlyReceiverAllowed
FNDA:47,SupplyChain._onlyReceiverAllowed
DA:446,47
DA:447,47
BRDA:447,4,0,-
DA:449,47
DA:450,47
BRDA:450,5,0,1
DA:453,69
FN:453,SupplyChain._onlyTransfersAllowed
FNDA:69,SupplyChain._onlyTransfersAllowed
DA:454,69
DA:455,69
BRDA:455,6,0,-
DA:457,69
DA:458,69
BRDA:458,7,0,5
DA:461,4
FN:461,SupplyChain._whenPaused
FNDA:4,SupplyChain._whenPaused
DA:462,4
BRDA:462,8,0,2
DA:465,530
FN:465,SupplyChain._whenNotPaused
FNDA:530,SupplyChain._whenNotPaused
DA:466,4
BRDA:466,9,0,4
DA:474,0
FN:474,SupplyChain.setPauseRole
FNDA:0,SupplyChain.setPauseRole
DA:475,0
DA:476,0
DA:484,9
FN:484,SupplyChain.pause
FNDA:9,SupplyChain.pause
DA:485,5
DA:486,5
DA:494,4
FN:494,SupplyChain.unpause
FNDA:4,SupplyChain.unpause
DA:495,2
DA:496,2
DA:503,4
FN:503,SupplyChain.isPaused
FNDA:4,SupplyChain.isPaused
DA:504,4
DA:512,18
FN:512,SupplyChain.initiateOwnershipTransfer
FNDA:18,SupplyChain.initiateOwnershipTransfer
DA:513,17
BRDA:513,10,0,1
DA:514,16
DA:515,16
DA:524,12
FN:524,SupplyChain.acceptOwnershipTransfer
FNDA:12,SupplyChain.acceptOwnershipTransfer
DA:525,12
DA:526,12
BRDA:526,11,0,1
DA:530,11
DA:531,11
BRDA:531,12,0,5
DA:534,5
DA:537,6
DA:538,6
DA:539,6
DA:540,6
DA:550,6
FN:550,SupplyChain.rejectOwnershipTransfer
FNDA:6,SupplyChain.rejectOwnershipTransfer
DA:551,6
DA:552,6
BRDA:552,13,0,1
DA:554,5
DA:555,5
DA:556,5
DA:558,5
BRDA:558,14,0,1
DA:560,4
DA:563,2
BRDA:563,15,0,2
BRDA:563,15,1,2
DA:564,2
DA:566,2
DA:574,8
FN:574,SupplyChain.getPendingOwner
FNDA:8,SupplyChain.getPendingOwner
DA:575,8
DA:583,152
FN:583,SupplyChain.requestUserRole
FNDA:152,SupplyChain.requestUserRole
DA:584,150
BRDA:584,16,0,2
DA:585,148
BRDA:585,17,0,-
DA:587,148
DA:588,148
BRDA:588,18,0,3
BRDA:588,18,1,145
DA:589,3
DA:591,145
DA:601,3
FN:601,SupplyChain._updateExistingUserRole
FNDA:3,SupplyChain._updateExistingUserRole
DA:602,3
DA:605,3
BRDA:605,19,0,1
DA:606,1
DA:610,2
BRDA:610,20,0,1
DA:611,1
DA:615,1
BRDA:615,21,0,1
DA:616,1
DA:620,0
BRDA:620,22,0,-
DA:621,0
DA:624,0
DA:625,0
DA:633,145
FN:633,SupplyChain._createNewUser
FNDA:145,SupplyChain._createNewUser
DA:634,145
DA:635,145
DA:636,145
DA:637,145
DA:638,145
DA:640,145
DA:643,145
DA:645,145
DA:653,146
FN:653,SupplyChain.changeStatusUser
FNDA:146,SupplyChain.changeStatusUser
DA:655,141
BRDA:655,23,0,-
DA:658,141
BRDA:658,24,0,-
DA:660,141
DA:662,141
DA:663,141
DA:664,141
DA:672,17
FN:672,SupplyChain.getUserInfo
FNDA:17,SupplyChain.getUserInfo
DA:674,17
BRDA:674,25,0,-
DA:677,17
DA:678,17
BRDA:678,26,0,-
DA:680,17
DA:689,0
FN:689,SupplyChain.getUserInfoById
FNDA:0,SupplyChain.getUserInfoById
DA:690,0
BRDA:690,27,0,-
DA:691,0
DA:698,0
FN:698,SupplyChain.getTotalUsers
FNDA:0,SupplyChain.getTotalUsers
DA:699,0
DA:707,3
FN:707,SupplyChain.isAdmin
FNDA:3,SupplyChain.isAdmin
DA:708,3
BRDA:708,28,0,-
DA:710,3
BRDA:710,29,0,1
BRDA:710,29,1,2
DA:711,1
DA:714,2
DA:725,101
FN:725,SupplyChain._validateRoleForTokenType
FNDA:101,SupplyChain._validateRoleForTokenType
DA:726,101
BRDA:726,30,0,73
BRDA:726,30,1,10
DA:727,42
BRDA:727,31,0,42
BRDA:727,31,1,28
DA:729,42
BRDA:729,32,0,2
DA:732,31
BRDA:732,33,0,3
DA:734,28
BRDA:734,34,0,28
DA:735,16
BRDA:735,35,0,16
BRDA:735,35,1,10
DA:737,16
BRDA:737,36,0,1
DA:738,1
DA:742,12
BRDA:742,37,0,2
DA:743,2
DA:762,83
FN:762,SupplyChain.createToken
FNDA:83,SupplyChain.createToken
DA:763,79
DA:765,76
BRDA:765,38,0,19
BRDA:765,38,1,54
DA:766,19
DA:769,57
BRDA:769,39,0,2
DA:770,55
BRDA:770,40,0,1
DA:773,69
DA:782,79
FN:782,SupplyChain._validateTokenCreation
FNDA:79,SupplyChain._validateTokenCreation
DA:783,79
BRDA:783,41,0,2
DA:784,77
BRDA:784,42,0,1
DA:793,19
FN:793,SupplyChain._validateAndConsumeParentToken
FNDA:19,SupplyChain._validateAndConsumeParentToken
DA:794,19
BRDA:794,43,0,1
DA:795,18
BRDA:795,44,0,1
DA:797,17
DA:798,17
BRDA:798,45,0,-
DA:801,17
BRDA:801,46,0,1
DA:804,16
DA:805,16
BRDA:805,47,0,1
DA:806,1
DA:810,15
DA:813,15
BRDA:813,48,0,5
DA:814,5
DA:827,69
FN:827,SupplyChain._createTokenInternal
FNDA:69,SupplyChain._createTokenInternal
DA:828,69
DA:829,69
DA:830,69
DA:831,69
DA:832,69
DA:833,69
DA:834,69
DA:835,69
DA:836,69
DA:837,69
DA:839,69
DA:842,69
DA:844,69
DA:860,9
FN:860,SupplyChain.getToken
FNDA:9,SupplyChain.getToken
DA:861,9
BRDA:861,49,0,-
DA:862,9
DA:863,9
DA:870,0
FN:870,SupplyChain.getTotalTokens
FNDA:0,SupplyChain.getTotalTokens
DA:871,0
DA:881,39
FN:881,SupplyChain.getTokenBalance
FNDA:39,SupplyChain.getTokenBalance
DA:882,39
BRDA:882,50,0,-
DA:883,39
DA:884,39
BRDA:884,51,0,-
DA:885,39
DA:898,69
FN:898,SupplyChain.transfer
FNDA:69,SupplyChain.transfer
DA:899,64
BRDA:899,52,0,2
DA:900,62
BRDA:900,53,0,2
DA:902,60
DA:903,60
BRDA:903,54,0,2
DA:905,58
DA:906,58
DA:909,58
DA:911,55
DA:912,55
BRDA:912,55,0,2
DA:915,53
DA:918,53
DA:919,53
DA:920,53
DA:921,53
DA:922,53
DA:923,53
DA:924,53
DA:925,53
DA:927,53
DA:930,53
DA:942,42
FN:942,SupplyChain.acceptTransfer
FNDA:42,SupplyChain.acceptTransfer
DA:943,41
BRDA:943,56,0,1
DA:945,40
DA:947,40
BRDA:947,57,0,2
DA:948,38
BRDA:948,58,0,-
DA:950,38
DA:952,38
DA:953,38
DA:956,38
DA:959,35
DA:960,35
DA:963,35
DA:967,35
BRDA:967,59,0,-
DA:968,0
DA:972,35
BRDA:972,60,0,35
DA:973,35
DA:977,35
DA:979,35
DA:980,35
DA:991,0
FN:991,SupplyChain.cancelTransfer
FNDA:0,SupplyChain.cancelTransfer
DA:992,0
BRDA:992,61,0,-
DA:994,0
DA:996,0
BRDA:996,62,0,-
DA:997,0
BRDA:997,63,0,-
DA:999,0
DA:1002,0
DA:1005,0
DA:1008,0
BRDA:1008,64,0,-
DA:1009,0
DA:1013,0
DA:1015,0
DA:1016,0
DA:1026,5
FN:1026,SupplyChain.rejectTransfer
FNDA:5,SupplyChain.rejectTransfer
DA:1027,5
BRDA:1027,65,0,-
DA:1029,5
DA:1030,5
BRDA:1030,66,0,-
DA:1031,5
BRDA:1031,67,0,-
DA:1033,5
DA:1036,5
DA:1037,5
DA:1038,5
DA:1041,3
DA:1044,3
DA:1047,0
BRDA:1047,68,0,-
DA:1048,0
DA:1052,3
DA:1053,3
DA:1054,3
DA:1061,13
FN:1061,SupplyChain.getTransfer
FNDA:13,SupplyChain.getTransfer
DA:1062,13
DA:1069,1
FN:1069,SupplyChain.getTotalTransfers
FNDA:1,SupplyChain.getTotalTransfers
DA:1070,1
DA:1087,4
FN:1087,SupplyChain.getUserTokens
FNDA:4,SupplyChain.getUserTokens
DA:1088,4
DA:1089,4
DA:1090,4
DA:1091,9
BRDA:1091,69,0,5
DA:1092,5
DA:1093,5
DA:1096,4
DA:1116,2
FN:1116,SupplyChain.getUserTransfers
FNDA:2,SupplyChain.getUserTransfers
DA:1117,2
DA:1119,2
DA:1120,4
BRDA:1120,70,0,4
DA:1121,4
DA:1125,2
DA:1126,2
DA:1128,2
DA:1129,4
BRDA:1129,71,0,4
DA:1130,4
DA:1131,4
DA:1134,2
DA:1137,0
FN:1137,SupplyChain.receive
FNDA:0,SupplyChain.receive
DA:1138,0
DA:1141,0
FN:1141,SupplyChain.fallback
FNDA:0,SupplyChain.fallback
DA:1142,0
FNF:49
FNH:41
LF:283
LH:247
BRF:79
BRH:55
end_of_record
